2025-10-17 09:25:59,048 - ERROR - Unable to fetch Data
2025-10-17 09:25:59,051 - INFO - Converted date to iso format
2025-10-17 09:25:59,052 - INFO - Successfully returning the structured JSON Data
2025-10-17 09:26:01,688 - ERROR - Unable to fetch Data
2025-10-17 09:26:01,689 - INFO - Converted date to iso format
2025-10-17 09:26:01,691 - INFO - Successfully returning the structured JSON Data
2025-10-17 09:26:04,374 - ERROR - Unable to fetch Data
2025-10-17 09:26:04,375 - INFO - Converted date to iso format
2025-10-17 09:26:04,376 - INFO - Successfully returning the structured JSON Data
2025-10-17 09:26:06,784 - ERROR - Unable to fetch Data
2025-10-17 09:26:06,784 - INFO - Converted date to iso format
2025-10-17 09:26:06,785 - INFO - Successfully returning the structured JSON Data
2025-10-17 09:26:09,426 - ERROR - Unable to fetch Data
2025-10-17 09:26:09,427 - INFO - Converted date to iso format
2025-10-17 09:26:09,427 - INFO - Successfully returning the structured JSON Data
2025-10-17 09:26:11,870 - ERROR - Unable to fetch Data
2025-10-17 09:26:11,871 - INFO - Converted date to iso format
2025-10-17 09:26:11,871 - INFO - Successfully returning the structured JSON Data
2025-10-17 09:26:14,396 - ERROR - Unable to fetch Data
2025-10-17 09:26:14,397 - INFO - Converted date to iso format
2025-10-17 09:26:14,397 - INFO - Successfully returning the structured JSON Data
2025-10-17 09:26:49,195 - ERROR - Unable to fetch Data
2025-10-17 09:26:49,196 - INFO - Converted date to iso format
2025-10-17 09:26:49,197 - INFO - Successfully returning the structured JSON Data
2025-10-17 09:27:19,342 - INFO - HTTP Request: GET https://catfact.ninja/fact "HTTP/1.1 200 OK"
2025-10-17 09:27:19,346 - INFO - Successfully fetch the data
2025-10-17 09:27:19,348 - INFO - Converted date to iso format
2025-10-17 09:27:19,349 - INFO - Successfully returning the structured JSON Data
2025-10-17 09:27:22,396 - INFO - HTTP Request: GET https://catfact.ninja/fact "HTTP/1.1 200 OK"
2025-10-17 09:27:22,399 - INFO - Successfully fetch the data
2025-10-17 09:27:22,401 - INFO - Converted date to iso format
2025-10-17 09:27:22,402 - INFO - Successfully returning the structured JSON Data
2025-10-17 09:27:25,587 - INFO - HTTP Request: GET https://catfact.ninja/fact "HTTP/1.1 200 OK"
2025-10-17 09:27:25,589 - INFO - Successfully fetch the data
2025-10-17 09:27:25,590 - INFO - Converted date to iso format
2025-10-17 09:27:25,591 - INFO - Successfully returning the structured JSON Data
2025-10-17 09:27:28,839 - INFO - HTTP Request: GET https://catfact.ninja/fact "HTTP/1.1 200 OK"
2025-10-17 09:27:28,842 - INFO - Successfully fetch the data
2025-10-17 09:27:28,844 - INFO - Converted date to iso format
2025-10-17 09:27:28,845 - INFO - Successfully returning the structured JSON Data
2025-10-17 09:27:32,647 - INFO - HTTP Request: GET https://catfact.ninja/fact "HTTP/1.1 200 OK"
2025-10-17 09:27:32,650 - INFO - Successfully fetch the data
2025-10-17 09:27:32,651 - INFO - Converted date to iso format
2025-10-17 09:27:32,652 - INFO - Successfully returning the structured JSON Data
2025-10-17 09:27:36,097 - INFO - HTTP Request: GET https://catfact.ninja/fact "HTTP/1.1 200 OK"
2025-10-17 09:27:36,100 - INFO - Successfully fetch the data
2025-10-17 09:27:36,102 - INFO - Converted date to iso format
2025-10-17 09:27:36,104 - INFO - Successfully returning the structured JSON Data
2025-10-17 09:27:39,224 - INFO - HTTP Request: GET https://catfact.ninja/fact "HTTP/1.1 200 OK"
2025-10-17 09:27:39,227 - INFO - Successfully fetch the data
2025-10-17 09:27:39,230 - INFO - Converted date to iso format
2025-10-17 09:27:39,231 - INFO - Successfully returning the structured JSON Data
2025-10-17 10:10:19,403 - INFO - HTTP Request: GET https://catfact.ninja/fact "HTTP/1.1 200 OK"
2025-10-17 10:10:19,407 - INFO - Successfully fetch the data
2025-10-17 10:10:19,410 - INFO - Converted date to iso format
2025-10-17 10:10:19,411 - INFO - Successfully returning the structured JSON Data
2025-10-17 10:10:23,178 - INFO - HTTP Request: GET https://catfact.ninja/fact "HTTP/1.1 200 OK"
2025-10-17 10:10:23,181 - INFO - Successfully fetch the data
2025-10-17 10:10:23,184 - INFO - Converted date to iso format
2025-10-17 10:10:23,186 - INFO - Successfully returning the structured JSON Data
2025-10-17 10:10:26,971 - INFO - HTTP Request: GET https://catfact.ninja/fact "HTTP/1.1 200 OK"
2025-10-17 10:10:26,974 - INFO - Successfully fetch the data
2025-10-17 10:10:26,976 - INFO - Converted date to iso format
2025-10-17 10:10:26,977 - INFO - Successfully returning the structured JSON Data
2025-10-17 10:10:30,363 - INFO - HTTP Request: GET https://catfact.ninja/fact "HTTP/1.1 200 OK"
2025-10-17 10:10:30,367 - INFO - Successfully fetch the data
2025-10-17 10:10:30,369 - INFO - Converted date to iso format
2025-10-17 10:10:30,370 - INFO - Successfully returning the structured JSON Data
2025-10-17 10:10:33,910 - INFO - HTTP Request: GET https://catfact.ninja/fact "HTTP/1.1 200 OK"
2025-10-17 10:10:33,913 - INFO - Successfully fetch the data
2025-10-17 10:10:33,915 - INFO - Converted date to iso format
2025-10-17 10:10:33,916 - INFO - Successfully returning the structured JSON Data
2025-10-17 10:10:37,241 - INFO - HTTP Request: GET https://catfact.ninja/fact "HTTP/1.1 200 OK"
2025-10-17 10:10:37,245 - INFO - Successfully fetch the data
2025-10-17 10:10:37,247 - INFO - Converted date to iso format
2025-10-17 10:10:37,248 - INFO - Successfully returning the structured JSON Data
2025-10-17 10:10:41,517 - INFO - HTTP Request: GET https://catfact.ninja/fact "HTTP/1.1 200 OK"
2025-10-17 10:10:41,520 - INFO - Successfully fetch the data
2025-10-17 10:10:41,523 - INFO - Converted date to iso format
2025-10-17 10:10:41,524 - INFO - Successfully returning the structured JSON Data
2025-10-17 10:12:39,247 - ERROR - Unable to fetch Data
2025-10-17 10:12:39,249 - INFO - Converted date to iso format
2025-10-17 10:12:39,250 - INFO - Successfully returning the structured JSON Data
2025-10-17 10:26:01,193 - INFO - HTTP Request: GET https://catfact.ninja/fact "HTTP/1.1 200 OK"
2025-10-17 10:26:01,195 - INFO - Successfully fetch the data
2025-10-17 10:26:01,196 - INFO - Converted date to iso format
2025-10-17 10:26:01,197 - INFO - Successfully returning the structured JSON Data
2025-10-17 10:26:04,557 - INFO - HTTP Request: GET https://catfact.ninja/fact "HTTP/1.1 200 OK"
2025-10-17 10:26:04,558 - INFO - Successfully fetch the data
2025-10-17 10:26:04,560 - INFO - Converted date to iso format
2025-10-17 10:26:04,560 - INFO - Successfully returning the structured JSON Data
2025-10-17 10:26:08,421 - INFO - HTTP Request: GET https://catfact.ninja/fact "HTTP/1.1 200 OK"
2025-10-17 10:26:08,422 - INFO - Successfully fetch the data
2025-10-17 10:26:08,423 - INFO - Converted date to iso format
2025-10-17 10:26:08,424 - INFO - Successfully returning the structured JSON Data
2025-10-17 10:26:11,881 - INFO - HTTP Request: GET https://catfact.ninja/fact "HTTP/1.1 200 OK"
2025-10-17 10:26:11,883 - INFO - Successfully fetch the data
2025-10-17 10:26:11,885 - INFO - Converted date to iso format
2025-10-17 10:26:11,885 - INFO - Successfully returning the structured JSON Data
2025-10-17 10:26:15,209 - INFO - HTTP Request: GET https://catfact.ninja/fact "HTTP/1.1 200 OK"
2025-10-17 10:26:15,211 - INFO - Successfully fetch the data
2025-10-17 10:26:15,212 - INFO - Converted date to iso format
2025-10-17 10:26:15,213 - INFO - Successfully returning the structured JSON Data
2025-10-17 10:26:19,405 - INFO - HTTP Request: GET https://catfact.ninja/fact "HTTP/1.1 200 OK"
2025-10-17 10:26:19,406 - INFO - Successfully fetch the data
2025-10-17 10:26:19,408 - INFO - Converted date to iso format
2025-10-17 10:26:19,409 - INFO - Successfully returning the structured JSON Data
2025-10-17 10:26:22,655 - INFO - HTTP Request: GET https://catfact.ninja/fact "HTTP/1.1 200 OK"
2025-10-17 10:26:22,657 - INFO - Successfully fetch the data
2025-10-17 10:26:22,659 - INFO - Converted date to iso format
2025-10-17 10:26:22,659 - INFO - Successfully returning the structured JSON Data
2025-10-17 10:30:02,897 - INFO - HTTP Request: GET https://catfact.ninja/fact "HTTP/1.1 200 OK"
2025-10-17 10:30:02,898 - INFO - Successfully fetch the data
2025-10-17 10:30:02,912 - INFO - Converted date to iso format
2025-10-17 10:30:02,940 - INFO - Successfully returning the structured JSON Data
2025-10-17 10:30:06,400 - INFO - HTTP Request: GET https://catfact.ninja/fact "HTTP/1.1 200 OK"
2025-10-17 10:30:06,403 - INFO - Successfully fetch the data
2025-10-17 10:30:06,406 - INFO - Converted date to iso format
2025-10-17 10:30:06,407 - INFO - Successfully returning the structured JSON Data
2025-10-17 10:30:10,381 - INFO - HTTP Request: GET https://catfact.ninja/fact "HTTP/1.1 200 OK"
2025-10-17 10:30:10,384 - INFO - Successfully fetch the data
2025-10-17 10:30:10,387 - INFO - Converted date to iso format
2025-10-17 10:30:10,388 - INFO - Successfully returning the structured JSON Data
2025-10-17 10:30:14,102 - INFO - HTTP Request: GET https://catfact.ninja/fact "HTTP/1.1 200 OK"
2025-10-17 10:30:14,104 - INFO - Successfully fetch the data
2025-10-17 10:30:14,106 - INFO - Converted date to iso format
2025-10-17 10:30:14,107 - INFO - Successfully returning the structured JSON Data
2025-10-17 10:30:17,546 - INFO - HTTP Request: GET https://catfact.ninja/fact "HTTP/1.1 200 OK"
2025-10-17 10:30:17,550 - INFO - Successfully fetch the data
2025-10-17 10:30:17,552 - INFO - Converted date to iso format
2025-10-17 10:30:17,554 - INFO - Successfully returning the structured JSON Data
2025-10-17 10:30:21,100 - INFO - HTTP Request: GET https://catfact.ninja/fact "HTTP/1.1 200 OK"
2025-10-17 10:30:21,103 - INFO - Successfully fetch the data
2025-10-17 10:30:21,105 - INFO - Converted date to iso format
2025-10-17 10:30:21,106 - INFO - Successfully returning the structured JSON Data
2025-10-17 10:30:24,604 - INFO - HTTP Request: GET https://catfact.ninja/fact "HTTP/1.1 200 OK"
2025-10-17 10:30:24,606 - INFO - Successfully fetch the data
2025-10-17 10:30:24,608 - INFO - Converted date to iso format
2025-10-17 10:30:24,609 - INFO - Successfully returning the structured JSON Data
2025-10-17 10:46:43,927 - INFO - HTTP Request: GET https://catfact.ninja/fact "HTTP/1.1 200 OK"
2025-10-17 10:46:43,930 - INFO - Successfully fetch the data
2025-10-17 10:46:43,933 - INFO - Converted date to iso format
2025-10-17 10:46:43,934 - INFO - Successfully returning the structured JSON Data
2025-10-17 10:46:51,270 - INFO - HTTP Request: GET https://catfact.ninja/fact "HTTP/1.1 200 OK"
2025-10-17 10:46:51,273 - INFO - Successfully fetch the data
2025-10-17 10:46:51,275 - INFO - Converted date to iso format
2025-10-17 10:46:51,277 - INFO - Successfully returning the structured JSON Data
2025-10-17 10:47:32,127 - INFO - HTTP Request: GET https://catfact.ninja/fact "HTTP/1.1 200 OK"
2025-10-17 10:47:32,130 - INFO - Successfully fetch the data
2025-10-17 10:47:32,133 - INFO - Converted date to iso format
2025-10-17 10:47:32,134 - INFO - Successfully returning the structured JSON Data
2025-10-17 10:47:35,481 - INFO - HTTP Request: GET https://catfact.ninja/fact "HTTP/1.1 200 OK"
2025-10-17 10:47:35,483 - INFO - Successfully fetch the data
2025-10-17 10:47:35,486 - INFO - Converted date to iso format
2025-10-17 10:47:35,487 - INFO - Successfully returning the structured JSON Data
2025-10-17 10:47:38,802 - INFO - HTTP Request: GET https://catfact.ninja/fact "HTTP/1.1 200 OK"
2025-10-17 10:47:38,805 - INFO - Successfully fetch the data
2025-10-17 10:47:38,807 - INFO - Converted date to iso format
2025-10-17 10:47:38,809 - INFO - Successfully returning the structured JSON Data
2025-10-17 10:47:46,027 - INFO - HTTP Request: GET https://catfact.ninja/fact "HTTP/1.1 200 OK"
2025-10-17 10:47:46,031 - INFO - Successfully fetch the data
2025-10-17 10:47:46,033 - INFO - Converted date to iso format
2025-10-17 10:47:46,035 - INFO - Successfully returning the structured JSON Data
2025-10-17 10:51:24,113 - INFO - HTTP Request: GET https://catfact.ninja/fact "HTTP/1.1 200 OK"
2025-10-17 10:51:24,115 - INFO - Successfully fetch the data
2025-10-17 10:51:24,117 - INFO - Converted date to iso format
2025-10-17 10:51:24,118 - INFO - Successfully returning the structured JSON Data
2025-10-17 11:08:43,239 - ERROR - Unable to fetch Data
2025-10-17 11:08:43,242 - INFO - Converted date to iso format
2025-10-17 11:08:43,243 - INFO - Successfully returning the structured JSON Data
2025-10-17 11:08:55,866 - INFO - HTTP Request: GET https://catfact.ninja/fact "HTTP/1.1 200 OK"
2025-10-17 11:08:55,869 - INFO - Successfully fetch the data
2025-10-17 11:08:55,899 - INFO - Converted date to iso format
2025-10-17 11:08:55,917 - INFO - Successfully returning the structured JSON Data
2025-10-17 11:14:51,548 - ERROR - Unable to fetch Data
2025-10-17 11:14:51,549 - INFO - Converted date to iso format
2025-10-17 11:14:51,550 - INFO - Successfully returning the structured JSON Data
2025-10-17 11:16:26,870 - ERROR - Unable to fetch Data
2025-10-17 11:16:26,872 - INFO - Converted date to iso format
2025-10-17 11:16:26,873 - INFO - Successfully returning the structured JSON Data
2025-10-17 11:16:35,127 - ERROR - Unable to fetch Data
2025-10-17 11:16:35,128 - INFO - Converted date to iso format
2025-10-17 11:16:35,129 - INFO - Successfully returning the structured JSON Data
2025-10-17 11:16:43,685 - ERROR - Unable to fetch Data
2025-10-17 11:16:43,687 - INFO - Converted date to iso format
2025-10-17 11:16:43,689 - INFO - Successfully returning the structured JSON Data
2025-10-17 11:16:55,859 - ERROR - Unable to fetch Data
2025-10-17 11:16:55,860 - INFO - Converted date to iso format
2025-10-17 11:16:55,861 - INFO - Successfully returning the structured JSON Data
2025-10-17 11:17:04,389 - ERROR - Unable to fetch Data
2025-10-17 11:17:04,391 - INFO - Converted date to iso format
2025-10-17 11:17:04,391 - INFO - Successfully returning the structured JSON Data
2025-10-17 11:17:13,401 - ERROR - Unable to fetch Data
2025-10-17 11:17:13,402 - INFO - Converted date to iso format
2025-10-17 11:17:13,403 - INFO - Successfully returning the structured JSON Data
2025-10-17 11:17:23,540 - ERROR - Unable to fetch Data
2025-10-17 11:17:23,541 - INFO - Converted date to iso format
2025-10-17 11:17:23,541 - INFO - Successfully returning the structured JSON Data
2025-10-17 14:37:47,097 - ERROR - Unable to fetch Data
2025-10-17 14:37:47,098 - INFO - Converted date to iso format
2025-10-17 14:37:47,099 - INFO - Successfully returning the structured JSON Data
2025-10-17 14:39:10,904 - INFO - HTTP Request: GET https://catfact.ninja/fact "HTTP/1.1 200 OK"
2025-10-17 14:39:10,909 - INFO - Successfully fetch the data
2025-10-17 14:39:10,912 - INFO - Converted date to iso format
2025-10-17 14:39:10,917 - INFO - Successfully returning the structured JSON Data
2025-10-17 14:39:13,769 - ERROR - Unable to fetch Data
2025-10-17 14:39:13,770 - INFO - Converted date to iso format
2025-10-17 14:39:13,771 - INFO - Successfully returning the structured JSON Data
2025-10-17 14:39:16,867 - INFO - HTTP Request: GET https://catfact.ninja/fact "HTTP/1.1 200 OK"
2025-10-17 14:39:16,870 - INFO - Successfully fetch the data
2025-10-17 14:39:16,872 - INFO - Converted date to iso format
2025-10-17 14:39:16,874 - INFO - Successfully returning the structured JSON Data
2025-10-17 14:39:20,463 - INFO - HTTP Request: GET https://catfact.ninja/fact "HTTP/1.1 200 OK"
2025-10-17 14:39:20,466 - INFO - Successfully fetch the data
2025-10-17 14:39:20,468 - INFO - Converted date to iso format
2025-10-17 14:39:20,469 - INFO - Successfully returning the structured JSON Data
2025-10-17 14:39:23,808 - INFO - HTTP Request: GET https://catfact.ninja/fact "HTTP/1.1 200 OK"
2025-10-17 14:39:23,812 - INFO - Successfully fetch the data
2025-10-17 14:39:23,813 - INFO - Converted date to iso format
2025-10-17 14:39:23,814 - INFO - Successfully returning the structured JSON Data
2025-10-17 14:39:25,110 - WARNING - ratelimit 5 per 1 minute (127.0.0.1) exceeded at endpoint: /api/v1/fact/me
2025-10-17 14:39:26,594 - WARNING - ratelimit 5 per 1 minute (127.0.0.1) exceeded at endpoint: /api/v1/fact/me
2025-10-17 14:39:49,714 - WARNING - ratelimit 5 per 1 minute (127.0.0.1) exceeded at endpoint: /api/v1/fact/me
2025-10-17 14:39:50,995 - WARNING - ratelimit 5 per 1 minute (127.0.0.1) exceeded at endpoint: /api/v1/fact/me
2025-10-17 14:39:52,276 - WARNING - ratelimit 5 per 1 minute (127.0.0.1) exceeded at endpoint: /api/v1/fact/me
2025-10-17 14:39:53,550 - WARNING - ratelimit 5 per 1 minute (127.0.0.1) exceeded at endpoint: /api/v1/fact/me
2025-10-17 14:39:54,826 - WARNING - ratelimit 5 per 1 minute (127.0.0.1) exceeded at endpoint: /api/v1/fact/me
2025-10-17 14:39:56,137 - WARNING - ratelimit 5 per 1 minute (127.0.0.1) exceeded at endpoint: /api/v1/fact/me
2025-10-17 14:39:57,391 - WARNING - ratelimit 5 per 1 minute (127.0.0.1) exceeded at endpoint: /api/v1/fact/me
2025-10-17 14:41:55,879 - INFO - HTTP Request: GET https://catfact.ninja/fact "HTTP/1.1 200 OK"
2025-10-17 14:41:55,882 - INFO - Successfully fetch the data
2025-10-17 14:41:55,884 - INFO - Converted date to iso format
2025-10-17 14:41:55,884 - INFO - Successfully returning the structured JSON Data
2025-10-17 14:42:01,655 - INFO - HTTP Request: GET https://catfact.ninja/fact "HTTP/1.1 200 OK"
2025-10-17 14:42:01,657 - INFO - Successfully fetch the data
2025-10-17 14:42:01,659 - INFO - Converted date to iso format
2025-10-17 14:42:01,660 - INFO - Successfully returning the structured JSON Data
2025-10-17 14:42:06,760 - INFO - HTTP Request: GET https://catfact.ninja/fact "HTTP/1.1 200 OK"
2025-10-17 14:42:06,765 - INFO - Successfully fetch the data
2025-10-17 14:42:06,769 - INFO - Converted date to iso format
2025-10-17 14:42:06,770 - INFO - Successfully returning the structured JSON Data
2025-10-17 14:42:10,690 - INFO - HTTP Request: GET https://catfact.ninja/fact "HTTP/1.1 200 OK"
2025-10-17 14:42:10,692 - INFO - Successfully fetch the data
2025-10-17 14:42:10,694 - INFO - Converted date to iso format
2025-10-17 14:42:10,698 - INFO - Successfully returning the structured JSON Data
2025-10-17 14:42:17,278 - INFO - HTTP Request: GET https://catfact.ninja/fact "HTTP/1.1 200 OK"
2025-10-17 14:42:17,281 - INFO - Successfully fetch the data
2025-10-17 14:42:17,284 - INFO - Converted date to iso format
2025-10-17 14:42:17,285 - INFO - Successfully returning the structured JSON Data
2025-10-17 14:42:19,660 - WARNING - ratelimit 5 per 1 minute (127.0.0.1) exceeded at endpoint: /api/v1/fact/me
2025-10-17 14:42:23,465 - WARNING - ratelimit 5 per 1 minute (127.0.0.1) exceeded at endpoint: /api/v1/fact/me
2025-10-19 15:23:38,886 - INFO - HTTP Request: GET https://catfact.ninja/fact "HTTP/1.1 200 OK"
2025-10-19 15:23:38,896 - INFO - Successfully fetch the data
2025-10-19 15:23:38,900 - INFO - Converted date to iso format
2025-10-19 15:23:38,900 - INFO - Successfully returning the structured JSON Data
2025-10-19 23:19:37,082 - INFO - HTTP Request: GET https://catfact.ninja/fact "HTTP/1.1 200 OK"
2025-10-19 23:19:37,084 - INFO - Successfully fetch the data
2025-10-19 23:19:37,086 - INFO - Converted date to iso format
2025-10-19 23:19:37,086 - INFO - Successfully returning the structured JSON Data
